0 info it worked if it ends with ok
1 verbose cli [ '/usr/local/bin/node', '/usr/local/bin/npm', 'run', 'dev' ]
2 info using npm@3.10.3
3 info using node@v6.4.0
4 verbose run-script [ 'predev', 'dev', 'postdev' ]
5 info lifecycle vue-cli@1.0.0~predev: vue-cli@1.0.0
6 silly lifecycle vue-cli@1.0.0~predev: no script for predev, continuing
7 info lifecycle vue-cli@1.0.0~dev: vue-cli@1.0.0
8 verbose lifecycle vue-cli@1.0.0~dev: unsafe-perm in lifecycle true
9 verbose lifecycle vue-cli@1.0.0~dev: PATH: /usr/local/lib/node_modules/npm/bin/node-gyp-bin:/home/victor/Documentos/VueProjects/Section Code (Start)/node_modules/.bin:/usr/local/bin:/home/victor/.rvm/gems/ruby-2.3.0/bin:/home/victor/.rvm/gems/ruby-2.3.0@global/bin:/home/victor/.rvm/rubies/ruby-2.3.0/bin:/home/victor/bin:/home/victor/.local/bin:/home/victor/bin:/usr/local/heroku/bin:/home/victor/.composer/vendor/bin:/home/victor/bin:/home/victor/.local/bin:/usr/local/sbin:/usr/local/bin:/usr/sbin:/usr/bin:/sbin:/bin:/usr/games:/usr/local/games:/snap/bin:/usr/lib/jvm/java-8-oracle/bin:/usr/lib/jvm/java-8-oracle/db/bin:/usr/lib/jvm/java-8-oracle/jre/bin:/home/victor/.rvm/bin:/snap/bin:/usr/lib/jvm/java-8-oracle/bin:/usr/lib/jvm/java-8-oracle/db/bin:/usr/lib/jvm/java-8-oracle/jre/bin:/home/victor/.rvm/bin:/home/victor/.rvm/bin
10 verbose lifecycle vue-cli@1.0.0~dev: CWD: /home/victor/Documentos/VueProjects/Section Code (Start)
11 silly lifecycle vue-cli@1.0.0~dev: Args: [ '-c',
11 silly lifecycle   'cross-env NODE_ENV=development webpack-dev-server --open --inline --hot' ]
12 silly lifecycle vue-cli@1.0.0~dev: Returned: code: 1  signal: null
13 info lifecycle vue-cli@1.0.0~dev: Failed to exec dev script
14 verbose stack Error: vue-cli@1.0.0 dev: `cross-env NODE_ENV=development webpack-dev-server --open --inline --hot`
14 verbose stack Exit status 1
14 verbose stack     at EventEmitter.<anonymous> (/usr/local/lib/node_modules/npm/lib/utils/lifecycle.js:242:16)
14 verbose stack     at emitTwo (events.js:106:13)
14 verbose stack     at EventEmitter.emit (events.js:191:7)
14 verbose stack     at ChildProcess.<anonymous> (/usr/local/lib/node_modules/npm/lib/utils/spawn.js:40:14)
14 verbose stack     at emitTwo (events.js:106:13)
14 verbose stack     at ChildProcess.emit (events.js:191:7)
14 verbose stack     at maybeClose (internal/child_process.js:852:16)
14 verbose stack     at Process.ChildProcess._handle.onexit (internal/child_process.js:215:5)
15 verbose pkgid vue-cli@1.0.0
16 verbose cwd /home/victor/Documentos/VueProjects/Section Code (Start)
17 error Linux 4.4.0-59-generic
18 error argv "/usr/local/bin/node" "/usr/local/bin/npm" "run" "dev"
19 error node v6.4.0
20 error npm  v3.10.3
21 error code ELIFECYCLE
22 error vue-cli@1.0.0 dev: `cross-env NODE_ENV=development webpack-dev-server --open --inline --hot`
22 error Exit status 1
23 error Failed at the vue-cli@1.0.0 dev script 'cross-env NODE_ENV=development webpack-dev-server --open --inline --hot'.
23 error Make sure you have the latest version of node.js and npm installed.
23 error If you do, this is most likely a problem with the vue-cli package,
23 error not with npm itself.
23 error Tell the author that this fails on your system:
23 error     cross-env NODE_ENV=development webpack-dev-server --open --inline --hot
23 error You can get information on how to open an issue for this project with:
23 error     npm bugs vue-cli
23 error Or if that isn't available, you can get their info via:
23 error     npm owner ls vue-cli
23 error There is likely additional logging output above.
24 verbose exit [ 1, true ]
